<?xml version="1.0" encoding="UTF-8"?>
<testsuite name="StudentProcessorTest" tests="2" skipped="0" failures="0" errors="0" timestamp="2025-08-23T12:31:50.052Z" hostname="DANKME-" time="0.093">
  <properties/>
  <testcase name="parseLine()" classname="StudentProcessorTest" time="0.077"/>
  <testcase name="computeClassAverage()" classname="StudentProcessorTest" time="0.009"/>
  <system-out><![CDATA[Cleaned CSV written to C:\meing\thtsme\15_Days_of_Java_Learning\Day_15\src\main\students.csv
Cleaned CSV written to C:\meing\thtsme\15_Days_of_Java_Learning\Day_15\src\main\students.csv
]]></system-out>
  <system-err><![CDATA[]]></system-err>
</testsuite>
