<?xml version="1.0" encoding="UTF-8"?>
<testsuite name="ParkingLotSystemTest" tests="2" skipped="0" failures="0" errors="0" timestamp="2025-08-23T12:31:50.178Z" hostname="DANKME-" time="0.01">
  <properties/>
  <testcase name="parkingWhenThereIsSpaceAndNot()" classname="ParkingLotSystemTest" time="0.005"/>
  <testcase name="removingTheCarsWhenThereIsSpaceAndNot()" classname="ParkingLotSystemTest" time="0.003"/>
  <system-out><![CDATA[]]></system-out>
  <system-err><![CDATA[]]></system-err>
</testsuite>
